TN:
SF:src/modules/appointments/services/create.service.ts
FN:80,__decorate
FN:80,__metadata
FN:80,__param
FN:80,__importDefault
FN:19,CreateAppointment
FN:28,execute
FNF:6
FNH:6
FNDA:1,__decorate
FNDA:1,__metadata
FNDA:3,__param
FNDA:2,__importDefault
FNDA:5,CreateAppointment
FNDA:8,execute
DA:1,1
DA:2,1
DA:3,1
DA:4,1
DA:5,1
DA:6,1
DA:7,1
DA:8,1
DA:9,1
DA:10,1
DA:11,1
DA:12,1
DA:13,1
DA:14,1
DA:15,1
DA:16,1
DA:17,1
DA:18,1
DA:19,1
DA:20,5
DA:21,5
DA:22,5
DA:23,5
DA:24,5
DA:25,5
DA:26,5
DA:27,1
DA:28,1
DA:29,8
DA:30,8
DA:31,8
DA:32,8
DA:33,8
DA:34,8
DA:35,8
DA:36,8
DA:37,2
DA:38,2
DA:39,6
DA:40,8
DA:41,1
DA:42,1
DA:43,5
DA:44,8
DA:45,2
DA:46,2
DA:47,3
DA:48,8
DA:49,1
DA:50,1
DA:51,2
DA:52,8
DA:53,0
DA:54,0
DA:55,0
DA:56,0
DA:57,0
DA:58,2
DA:59,2
DA:60,2
DA:61,2
DA:62,2
DA:63,2
DA:64,2
DA:65,2
DA:66,2
DA:67,2
DA:68,2
DA:69,2
DA:70,2
DA:71,2
DA:72,2
DA:73,2
DA:74,2
DA:75,2
DA:76,2
DA:77,0
DA:78,1
DA:79,1
DA:80,1
LF:80
LH:74
BRDA:80,0,0,1
BRDA:80,1,0,1
BRDA:80,2,0,0
BRDA:80,3,0,0
BRDA:80,4,0,0
BRDA:80,5,0,0
BRDA:80,6,0,1
BRDA:80,7,0,3
BRDA:80,8,0,3
BRDA:80,9,0,2
BRDA:80,10,0,1
BRDA:80,11,0,1
BRDA:19,12,0,5
BRDA:28,13,0,8
BRDA:36,14,0,7
BRDA:36,15,0,2
BRDA:38,16,0,6
BRDA:40,17,0,5
BRDA:40,18,0,1
BRDA:42,19,0,5
BRDA:44,20,0,2
BRDA:46,21,0,3
BRDA:48,22,0,1
BRDA:50,23,0,2
BRDA:52,24,0,0
BRDA:57,25,0,2
BRDA:76,26,0,0
BRF:27
BRH:21
end_of_record
TN:
SF:src/modules/appointments/services/list-availability.service.ts
FN:54,__decorate
FN:54,__metadata
FN:54,__param
FN:54,__importDefault
FN:15,ListAvailabilityService
FN:20,execute
FNF:6
FNH:6
FNDA:1,__decorate
FNDA:1,__metadata
FNDA:1,__param
FNDA:1,__importDefault
FNDA:1,ListAvailabilityService
FNDA:1,execute
DA:1,1
DA:2,1
DA:3,1
DA:4,1
DA:5,1
DA:6,1
DA:7,1
DA:8,1
DA:9,1
DA:10,1
DA:11,1
DA:12,1
DA:13,1
DA:14,1
DA:15,1
DA:16,1
DA:17,1
DA:18,1
DA:19,1
DA:20,1
DA:21,1
DA:22,1
DA:23,1
DA:24,1
DA:25,1
DA:26,1
DA:27,1
DA:28,1
DA:29,0
DA:30,0
DA:31,1
DA:32,1
DA:33,1
DA:34,1
DA:35,1
DA:36,1
DA:37,1
DA:38,1
DA:39,1
DA:40,31
DA:41,31
DA:42,31
DA:43,31
DA:44,31
DA:45,31
DA:46,31
DA:47,31
DA:48,1
DA:49,1
DA:50,1
DA:51,0
DA:52,1
DA:53,1
DA:54,1
LF:54
LH:51
BRDA:54,0,0,1
BRDA:54,1,0,1
BRDA:54,2,0,0
BRDA:54,3,0,0
BRDA:54,4,0,0
BRDA:54,5,0,0
BRDA:54,6,0,1
BRDA:54,7,0,1
BRDA:54,8,0,1
BRDA:54,9,0,1
BRDA:54,10,0,0
BRDA:15,11,0,1
BRDA:20,12,0,1
BRDA:28,13,0,0
BRDA:50,14,0,0
BRDA:36,15,0,31
BRDA:39,16,0,31
BRDA:41,17,0,341
BRF:18
BRH:11
end_of_record
TN:
SF:src/modules/appointments/services/list-provider-appointments.service.ts
FN:31,__decorate
FN:31,__metadata
FN:31,__param
FN:9,ListProviderDayAvailability
FN:14,execute
FNF:5
FNH:5
FNDA:1,__decorate
FNDA:1,__metadata
FNDA:1,__param
FNDA:1,ListProviderDayAvailability
FNDA:1,execute
DA:1,1
DA:2,1
DA:3,1
DA:4,1
DA:5,1
DA:6,1
DA:7,1
DA:8,1
DA:9,1
DA:10,1
DA:11,1
DA:12,1
DA:13,1
DA:14,1
DA:15,1
DA:16,1
DA:17,1
DA:18,1
DA:19,1
DA:20,1
DA:21,1
DA:22,1
DA:23,1
DA:24,1
DA:25,1
DA:26,1
DA:27,1
DA:28,0
DA:29,1
DA:30,1
DA:31,1
LF:31
LH:30
BRDA:31,0,0,1
BRDA:31,1,0,1
BRDA:31,2,0,0
BRDA:31,3,0,0
BRDA:31,4,0,0
BRDA:31,5,0,0
BRDA:31,6,0,1
BRDA:31,7,0,1
BRDA:31,8,0,1
BRDA:9,9,0,1
BRDA:14,10,0,1
BRDA:27,11,0,0
BRDA:27,12,0,0
BRF:13
BRH:7
end_of_record
TN:
SF:src/modules/appointments/services/list-provider-day-availability.service.ts
FN:63,__decorate
FN:63,__metadata
FN:63,__param
FN:63,__importDefault
FN:15,ListProviderDayAvailability
FN:20,execute
FNF:6
FNH:6
FNDA:1,__decorate
FNDA:1,__metadata
FNDA:1,__param
FNDA:1,__importDefault
FNDA:1,ListProviderDayAvailability
FNDA:1,execute
DA:1,1
DA:2,1
DA:3,1
DA:4,1
DA:5,1
DA:6,1
DA:7,1
DA:8,1
DA:9,1
DA:10,1
DA:11,1
DA:12,1
DA:13,1
DA:14,1
DA:15,1
DA:16,1
DA:17,1
DA:18,1
DA:19,1
DA:20,1
DA:21,1
DA:22,1
DA:23,1
DA:24,1
DA:25,1
DA:26,1
DA:27,1
DA:28,1
DA:29,1
DA:30,1
DA:31,1
DA:32,1
DA:33,0
DA:34,0
DA:35,1
DA:36,1
DA:37,1
DA:38,1
DA:39,1
DA:40,1
DA:41,1
DA:42,1
DA:43,1
DA:44,1
DA:45,1
DA:46,1
DA:47,10
DA:48,10
DA:49,10
DA:50,10
DA:51,10
DA:52,10
DA:53,10
DA:54,10
DA:55,10
DA:56,10
DA:57,1
DA:58,1
DA:59,1
DA:60,0
DA:61,1
DA:62,1
DA:63,1
LF:63
LH:60
BRDA:63,0,0,1
BRDA:63,1,0,1
BRDA:63,2,0,0
BRDA:63,3,0,0
BRDA:63,4,0,0
BRDA:63,5,0,0
BRDA:63,6,0,1
BRDA:63,7,0,1
BRDA:63,8,0,1
BRDA:63,9,0,1
BRDA:63,10,0,0
BRDA:15,11,0,1
BRDA:20,12,0,1
BRDA:32,13,0,0
BRDA:59,14,0,0
BRDA:43,15,0,10
BRDA:46,16,0,10
BRDA:55,17,0,8
BRDA:48,18,0,19
BRF:19
BRH:12
end_of_record
TN:
SF:src/modules/appointments/services/show-all-providers.service.ts
FN:21,__decorate
FN:21,__metadata
FN:21,__param
FN:10,DeleteUser
FN:15,execute
FNF:5
FNH:5
FNDA:1,__decorate
FNDA:1,__metadata
FNDA:1,__param
FNDA:1,DeleteUser
FNDA:1,execute
DA:1,1
DA:2,1
DA:3,1
DA:4,1
DA:5,1
DA:6,1
DA:7,1
DA:8,1
DA:9,1
DA:10,1
DA:11,1
DA:12,1
DA:13,1
DA:14,1
DA:15,1
DA:16,1
DA:17,1
DA:18,0
DA:19,1
DA:20,1
DA:21,1
LF:21
LH:20
BRDA:21,0,0,1
BRDA:21,1,0,1
BRDA:21,2,0,0
BRDA:21,3,0,0
BRDA:21,4,0,0
BRDA:21,5,0,0
BRDA:21,6,0,1
BRDA:21,7,0,1
BRDA:21,8,0,1
BRDA:10,9,0,1
BRDA:15,10,0,1
BRDA:17,11,0,0
BRF:12
BRH:7
end_of_record
TN:
SF:src/modules/users/services/authenticate.service.ts
FN:51,__decorate
FN:51,__metadata
FN:51,__param
FN:51,__importDefault
FN:18,Authenticate
FN:26,execute
FNF:6
FNH:6
FNDA:1,__decorate
FNDA:1,__metadata
FNDA:2,__param
FNDA:1,__importDefault
FNDA:3,Authenticate
FNDA:3,execute
DA:1,1
DA:2,1
DA:3,1
DA:4,1
DA:5,1
DA:6,1
DA:7,1
DA:8,1
DA:9,1
DA:10,1
DA:11,1
DA:12,1
DA:13,1
DA:14,1
DA:15,1
DA:16,1
DA:17,1
DA:18,1
DA:19,3
DA:20,3
DA:21,3
DA:22,3
DA:23,3
DA:24,3
DA:25,1
DA:26,1
DA:27,3
DA:28,3
DA:29,3
DA:30,3
DA:31,3
DA:32,1
DA:33,1
DA:34,2
DA:35,3
DA:36,1
DA:37,1
DA:38,1
DA:39,1
DA:40,1
DA:41,1
DA:42,1
DA:43,1
DA:44,1
DA:45,1
DA:46,1
DA:47,1
DA:48,0
DA:49,1
DA:50,1
DA:51,1
LF:51
LH:50
BRDA:51,0,0,1
BRDA:51,1,0,1
BRDA:51,2,0,0
BRDA:51,3,0,0
BRDA:51,4,0,0
BRDA:51,5,0,0
BRDA:51,6,0,1
BRDA:51,7,0,2
BRDA:51,8,0,2
BRDA:51,9,0,1
BRDA:51,10,0,0
BRDA:18,11,0,3
BRDA:26,12,0,3
BRDA:31,13,0,1
BRDA:33,14,0,2
BRDA:35,15,0,1
BRDA:47,16,0,0
BRF:17
BRH:11
end_of_record
TN:
SF:src/modules/users/services/create.service.ts
FN:41,__decorate
FN:41,__metadata
FN:41,__param
FN:41,__importDefault
FN:12,CreateUser
FN:20,execute
FNF:6
FNH:6
FNDA:6,__decorate
FNDA:6,__metadata
FNDA:12,__param
FNDA:6,__importDefault
FNDA:13,CreateUser
FNDA:14,execute
DA:1,1
DA:2,1
DA:3,1
DA:4,1
DA:5,1
DA:6,1
DA:7,1
DA:8,1
DA:9,1
DA:10,1
DA:11,1
DA:12,1
DA:13,13
DA:14,13
DA:15,13
DA:16,13
DA:17,13
DA:18,13
DA:19,1
DA:20,1
DA:21,14
DA:22,14
DA:23,14
DA:24,14
DA:25,14
DA:26,1
DA:27,1
DA:28,13
DA:29,13
DA:30,13
DA:31,13
DA:32,13
DA:33,13
DA:34,13
DA:35,13
DA:36,13
DA:37,13
DA:38,0
DA:39,1
DA:40,1
DA:41,1
LF:41
LH:40
BRDA:41,0,0,6
BRDA:41,1,0,6
BRDA:41,2,0,0
BRDA:41,3,0,0
BRDA:41,4,0,0
BRDA:41,5,0,0
BRDA:41,6,0,6
BRDA:41,7,0,12
BRDA:41,8,0,12
BRDA:41,9,0,6
BRDA:41,10,0,0
BRDA:12,11,0,13
BRDA:20,12,0,14
BRDA:25,13,0,1
BRDA:27,14,0,13
BRDA:37,15,0,0
BRF:16
BRH:10
end_of_record
TN:
SF:src/modules/users/services/delete.service.ts
FN:34,__decorate
FN:34,__metadata
FN:34,__param
FN:34,__importDefault
FN:11,DeleteUser
FN:19,execute
FNF:6
FNH:6
FNDA:1,__decorate
FNDA:1,__metadata
FNDA:2,__param
FNDA:1,__importDefault
FNDA:3,DeleteUser
FNDA:3,execute
DA:1,1
DA:2,1
DA:3,1
DA:4,1
DA:5,1
DA:6,1
DA:7,1
DA:8,1
DA:9,1
DA:10,1
DA:11,1
DA:12,3
DA:13,3
DA:14,3
DA:15,3
DA:16,3
DA:17,3
DA:18,1
DA:19,1
DA:20,3
DA:21,3
DA:22,3
DA:23,1
DA:24,1
DA:25,2
DA:26,3
DA:27,1
DA:28,1
DA:29,1
DA:30,1
DA:31,1
DA:32,1
DA:33,1
DA:34,1
LF:34
LH:34
BRDA:34,0,0,1
BRDA:34,1,0,1
BRDA:34,2,0,0
BRDA:34,3,0,0
BRDA:34,4,0,0
BRDA:34,5,0,0
BRDA:34,6,0,1
BRDA:34,7,0,2
BRDA:34,8,0,2
BRDA:34,9,0,1
BRDA:34,10,0,0
BRDA:11,11,0,3
BRDA:19,12,0,3
BRDA:22,13,0,1
BRDA:24,14,0,2
BRDA:26,15,0,1
BRF:16
BRH:11
end_of_record
TN:
SF:src/modules/users/services/reset_password.service.ts
FN:55,__decorate
FN:55,__metadata
FN:55,__param
FN:55,__importDefault
FN:13,SendForgotPasswordMailService
FN:24,execute
FNF:6
FNH:6
FNDA:1,__decorate
FNDA:1,__metadata
FNDA:3,__param
FNDA:1,__importDefault
FNDA:4,SendForgotPasswordMailService
FNDA:5,execute
DA:1,1
DA:2,1
DA:3,1
DA:4,1
DA:5,1
DA:6,1
DA:7,1
DA:8,1
DA:9,1
DA:10,1
DA:11,1
DA:12,1
DA:13,1
DA:14,4
DA:15,4
DA:16,4
DA:17,4
DA:18,4
DA:19,4
DA:20,4
DA:21,4
DA:22,4
DA:23,1
DA:24,1
DA:25,5
DA:26,5
DA:27,5
DA:28,5
DA:29,5
DA:30,1
DA:31,1
DA:32,4
DA:33,4
DA:34,4
DA:35,4
DA:36,4
DA:37,4
DA:38,4
DA:39,5
DA:40,1
DA:41,1
DA:42,3
DA:43,3
DA:44,3
DA:45,5
DA:46,1
DA:47,1
DA:48,2
DA:49,2
DA:50,2
DA:51,2
DA:52,2
DA:53,1
DA:54,1
DA:55,1
LF:55
LH:55
BRDA:55,0,0,1
BRDA:55,1,0,1
BRDA:55,2,0,0
BRDA:55,3,0,0
BRDA:55,4,0,0
BRDA:55,5,0,0
BRDA:55,6,0,1
BRDA:55,7,0,3
BRDA:55,8,0,3
BRDA:55,9,0,1
BRDA:55,10,0,0
BRDA:13,11,0,4
BRDA:24,12,0,5
BRDA:29,13,0,1
BRDA:29,14,0,4
BRDA:29,15,0,1
BRDA:31,16,0,4
BRDA:39,17,0,1
BRDA:41,18,0,3
BRDA:45,19,0,1
BRDA:47,20,0,2
BRF:21
BRH:16
end_of_record
TN:
SF:src/modules/users/services/send_forgot_password_email.service.ts
FN:63,__decorate
FN:63,__metadata
FN:63,__param
FN:63,__importDefault
FN:13,SendForgotPasswordMailService
FN:24,execute
FNF:6
FNH:6
FNDA:1,__decorate
FNDA:1,__metadata
FNDA:3,__param
FNDA:1,__importDefault
FNDA:3,SendForgotPasswordMailService
FNDA:3,execute
DA:1,1
DA:2,1
DA:3,1
DA:4,1
DA:5,1
DA:6,1
DA:7,1
DA:8,1
DA:9,1
DA:10,1
DA:11,1
DA:12,1
DA:13,1
DA:14,3
DA:15,3
DA:16,3
DA:17,3
DA:18,3
DA:19,3
DA:20,3
DA:21,3
DA:22,3
DA:23,1
DA:24,1
DA:25,3
DA:26,3
DA:27,3
DA:28,3
DA:29,3
DA:30,1
DA:31,1
DA:32,2
DA:33,2
DA:34,2
DA:35,2
DA:36,2
DA:37,2
DA:38,2
DA:39,2
DA:40,2
DA:41,2
DA:42,2
DA:43,2
DA:44,2
DA:45,2
DA:46,2
DA:47,2
DA:48,2
DA:49,2
DA:50,2
DA:51,2
DA:52,2
DA:53,2
DA:54,2
DA:55,2
DA:56,2
DA:57,2
DA:58,2
DA:59,2
DA:60,2
DA:61,1
DA:62,1
DA:63,1
LF:63
LH:63
BRDA:63,0,0,1
BRDA:63,1,0,1
BRDA:63,2,0,0
BRDA:63,3,0,0
BRDA:63,4,0,0
BRDA:63,5,0,0
BRDA:63,6,0,1
BRDA:63,7,0,3
BRDA:63,8,0,3
BRDA:63,9,0,1
BRDA:63,10,0,0
BRDA:13,11,0,3
BRDA:24,12,0,3
BRDA:29,13,0,1
BRDA:31,14,0,2
BRF:15
BRH:10
end_of_record
TN:
SF:src/modules/users/services/show.service.ts
FN:28,__decorate
FN:28,__metadata
FN:28,__param
FN:28,__importDefault
FN:10,DeleteUser
FN:15,execute
FNF:6
FNH:6
FNDA:2,__decorate
FNDA:2,__metadata
FNDA:2,__param
FNDA:2,__importDefault
FNDA:3,DeleteUser
FNDA:3,execute
DA:1,1
DA:2,1
DA:3,1
DA:4,1
DA:5,1
DA:6,1
DA:7,1
DA:8,1
DA:9,1
DA:10,1
DA:11,3
DA:12,3
DA:13,3
DA:14,1
DA:15,1
DA:16,3
DA:17,3
DA:18,3
DA:19,2
DA:20,2
DA:21,1
DA:22,1
DA:23,1
DA:24,1
DA:25,0
DA:26,1
DA:27,1
DA:28,1
LF:28
LH:27
BRDA:28,0,0,2
BRDA:28,1,0,2
BRDA:28,2,0,0
BRDA:28,3,0,0
BRDA:28,4,0,0
BRDA:28,5,0,0
BRDA:28,6,0,2
BRDA:28,7,0,2
BRDA:28,8,0,2
BRDA:28,9,0,2
BRDA:28,10,0,0
BRDA:10,11,0,3
BRDA:15,12,0,3
BRDA:18,13,0,2
BRDA:20,14,0,1
BRDA:24,15,0,0
BRF:16
BRH:10
end_of_record
TN:
SF:src/modules/users/services/update.service.ts
FN:53,__decorate
FN:53,__metadata
FN:53,__param
FN:53,__importDefault
FN:12,DeleteUser
FN:20,execute
FNF:6
FNH:6
FNDA:1,__decorate
FNDA:1,__metadata
FNDA:2,__param
FNDA:1,__importDefault
FNDA:4,DeleteUser
FNDA:5,execute
DA:1,1
DA:2,1
DA:3,1
DA:4,1
DA:5,1
DA:6,1
DA:7,1
DA:8,1
DA:9,1
DA:10,1
DA:11,1
DA:12,1
DA:13,4
DA:14,4
DA:15,4
DA:16,4
DA:17,4
DA:18,4
DA:19,1
DA:20,1
DA:21,5
DA:22,5
DA:23,5
DA:24,5
DA:25,5
DA:26,1
DA:27,1
DA:28,4
DA:29,5
DA:30,1
DA:31,1
DA:32,1
DA:33,0
DA:34,0
DA:35,1
DA:36,4
DA:37,5
DA:38,2
DA:39,1
DA:40,1
DA:41,1
DA:42,1
DA:43,1
DA:44,3
DA:45,5
DA:46,5
DA:47,5
DA:48,3
DA:49,3
DA:50,0
DA:51,1
DA:52,1
DA:53,1
LF:53
LH:50
BRDA:53,0,0,1
BRDA:53,1,0,1
BRDA:53,2,0,0
BRDA:53,3,0,0
BRDA:53,4,0,0
BRDA:53,5,0,0
BRDA:53,6,0,1
BRDA:53,7,0,2
BRDA:53,8,0,2
BRDA:53,9,0,1
BRDA:53,10,0,0
BRDA:12,11,0,4
BRDA:20,12,0,5
BRDA:25,13,0,1
BRDA:27,14,0,4
BRDA:29,15,0,1
BRDA:32,16,0,0
BRDA:35,17,0,4
BRDA:37,18,0,2
BRDA:37,19,0,2
BRDA:38,20,0,1
BRDA:43,21,0,3
BRDA:45,22,0,1
BRDA:45,23,0,1
BRDA:47,24,0,3
BRDA:49,25,0,0
BRF:26
BRH:19
end_of_record
TN:
SF:src/modules/users/services/upload.service.ts
FN:41,__decorate
FN:41,__metadata
FN:41,__param
FN:41,__importDefault
FN:12,UploadAvatar
FN:20,execute
FNF:6
FNH:6
FNDA:1,__decorate
FNDA:1,__metadata
FNDA:2,__param
FNDA:1,__importDefault
FNDA:3,UploadAvatar
FNDA:4,execute
DA:1,1
DA:2,1
DA:3,1
DA:4,1
DA:5,1
DA:6,1
DA:7,1
DA:8,1
DA:9,1
DA:10,1
DA:11,1
DA:12,1
DA:13,3
DA:14,3
DA:15,3
DA:16,3
DA:17,3
DA:18,3
DA:19,1
DA:20,1
DA:21,4
DA:22,4
DA:23,4
DA:24,1
DA:25,1
DA:26,3
DA:27,4
DA:28,1
DA:29,1
DA:30,3
DA:31,3
DA:32,3
DA:33,3
DA:34,3
DA:35,3
DA:36,3
DA:37,3
DA:38,0
DA:39,1
DA:40,1
DA:41,1
LF:41
LH:40
BRDA:41,0,0,1
BRDA:41,1,0,1
BRDA:41,2,0,0
BRDA:41,3,0,0
BRDA:41,4,0,0
BRDA:41,5,0,0
BRDA:41,6,0,1
BRDA:41,7,0,2
BRDA:41,8,0,2
BRDA:41,9,0,1
BRDA:41,10,0,0
BRDA:12,11,0,3
BRDA:20,12,0,4
BRDA:23,13,0,1
BRDA:25,14,0,3
BRDA:27,15,0,1
BRDA:29,16,0,3
BRDA:37,17,0,0
BRF:18
BRH:12
end_of_record
